<?xml version="1.0" encoding="UTF-8"?>
<testng-results ignored="2" total="3" passed="0" failed="1" skipped="0">
  <reporter-output>
  </reporter-output>
  <suite started-at="2025-10-18T09:11:58 IST" name="Default suite" finished-at="2025-10-18T09:13:40 IST" duration-ms="101772">
    <groups>
      <group name="smoke">
        <method signature="CreateCampaignTest.CreateCampaignWithMandatoryFieldsTest()[pri:0, instance:campaigntest.CreateCampaignTest@65b3f4a4]" name="CreateCampaignWithMandatoryFieldsTest" class="campaigntest.CreateCampaignTest"/>
      </group> <!-- smoke -->
    </groups>
    <test started-at="2025-10-18T09:11:58 IST" name="Default test" finished-at="2025-10-18T09:13:40 IST" duration-ms="101772">
      <class name="campaigntest.CreateCampaignTest">
        <test-method is-config="true" signature="beforeSuite()[pri:0, instance:campaigntest.CreateCampaignTest@65b3f4a4]" started-at="2025-10-18T09:11:58 IST" name="beforeSuite" finished-at="2025-10-18T09:11:58 IST" duration-ms="38" status="PASS">
          <reporter-output>
          </reporter-output>
        </test-method> <!-- beforeSuite -->
        <test-method is-config="true" signature="beforeTest()[pri:0, instance:campaigntest.CreateCampaignTest@65b3f4a4]" started-at="2025-10-18T09:11:58 IST" name="beforeTest" finished-at="2025-10-18T09:11:58 IST" duration-ms="3" status="PASS">
          <reporter-output>
          </reporter-output>
        </test-method> <!-- beforeTest -->
        <test-method is-config="true" signature="beforeClass()[pri:0, instance:campaigntest.CreateCampaignTest@65b3f4a4]" started-at="2025-10-18T09:11:58 IST" name="beforeClass" finished-at="2025-10-18T09:12:13 IST" duration-ms="15144" status="PASS">
          <reporter-output>
          </reporter-output>
        </test-method> <!-- beforeClass -->
        <test-method is-config="true" signature="beforeMethod()[pri:0, instance:campaigntest.CreateCampaignTest@65b3f4a4]" started-at="2025-10-18T09:12:14 IST" name="beforeMethod" finished-at="2025-10-18T09:12:46 IST" duration-ms="32834" status="PASS">
          <reporter-output>
          </reporter-output>
        </test-method> <!-- beforeMethod -->
        <test-method signature="CreateCampaignWithMandatoryFieldsTest()[pri:0, instance:campaigntest.CreateCampaignTest@65b3f4a4]" started-at="2025-10-18T09:12:46 IST" name="CreateCampaignWithMandatoryFieldsTest" finished-at="2025-10-18T09:13:12 IST" duration-ms="25520" status="FAIL">
          <exception class="org.openqa.selenium.NoSuchElementException">
            <message>
              <![CDATA[no such element: Unable to locate element: {"method":"xpath","selector":"//div[@role='alert']"}
  (Session info: MicrosoftEdge=141.0.3537.71)
For documentation on this error, please visit: https://www.selenium.dev/documentation/webdriver/troubleshooting/errors#no-such-element-exception
Build info: version: '4.35.0', revision: '1c58e5028b'
System info: os.name: 'Windows 11', os.arch: 'amd64', os.version: '10.0', java.version: '21.0.6'
Driver info: org.openqa.selenium.edge.EdgeDriver
Command: [9eaeadbfee35e090bdf0fbda626e11f0, findElement {using=xpath, value=//div[@role='alert']}]
Capabilities {acceptInsecureCerts: false, browserName: MicrosoftEdge, browserVersion: 141.0.3537.71, fedcm:accounts: true, ms:edgeOptions: {debuggerAddress: localhost:54351}, msedge: {msedgedriverVersion: 141.0.3537.71 (e9128b790533..., userDataDir: C:\Users\div31\AppData\Loca...}, networkConnectionEnabled: false, pageLoadStrategy: normal, platformName: windows, proxy: Proxy(), se:cdp: ws://localhost:54351/devtoo..., se:cdpVersion: 141.0.3537.71, setWindowRect: true, strictFileInteractability: false, timeouts: {implicit: 0, pageLoad: 300000, script: 30000}, unhandledPromptBehavior: dismiss and notify, webauthn:extension:credBlob: true, webauthn:extension:largeBlob: true, webauthn:extension:minPinLength: true, webauthn:extension:prf: true, webauthn:virtualAuthenticators: true}
Session ID: 9eaeadbfee35e090bdf0fbda626e11f0]]>
            </message>
            <full-stacktrace>
              <![CDATA[org.openqa.selenium.NoSuchElementException: no such element: Unable to locate element: {"method":"xpath","selector":"//div[@role='alert']"}
  (Session info: MicrosoftEdge=141.0.3537.71)
For documentation on this error, please visit: https://www.selenium.dev/documentation/webdriver/troubleshooting/errors#no-such-element-exception
Build info: version: '4.35.0', revision: '1c58e5028b'
System info: os.name: 'Windows 11', os.arch: 'amd64', os.version: '10.0', java.version: '21.0.6'
Driver info: org.openqa.selenium.edge.EdgeDriver
Command: [9eaeadbfee35e090bdf0fbda626e11f0, findElement {using=xpath, value=//div[@role='alert']}]
Capabilities {acceptInsecureCerts: false, browserName: MicrosoftEdge, browserVersion: 141.0.3537.71, fedcm:accounts: true, ms:edgeOptions: {debuggerAddress: localhost:54351}, msedge: {msedgedriverVersion: 141.0.3537.71 (e9128b790533..., userDataDir: C:\Users\div31\AppData\Loca...}, networkConnectionEnabled: false, pageLoadStrategy: normal, platformName: windows, proxy: Proxy(), se:cdp: ws://localhost:54351/devtoo..., se:cdpVersion: 141.0.3537.71, setWindowRect: true, strictFileInteractability: false, timeouts: {implicit: 0, pageLoad: 300000, script: 30000}, unhandledPromptBehavior: dismiss and notify, webauthn:extension:credBlob: true, webauthn:extension:largeBlob: true, webauthn:extension:minPinLength: true, webauthn:extension:prf: true, webauthn:virtualAuthenticators: true}
Session ID: 9eaeadbfee35e090bdf0fbda626e11f0
at java.base/jdk.internal.reflect.DirectConstructorHandleAccessor.newInstance(DirectConstructorHandleAccessor.java:62)
at java.base/java.lang.reflect.Constructor.newInstanceWithCaller(Constructor.java:502)
at java.base/java.lang.reflect.Constructor.newInstance(Constructor.java:486)
at org.openqa.selenium.remote.ErrorCodec.decode(ErrorCodec.java:167)
at org.openqa.selenium.remote.codec.w3c.W3CHttpResponseCodec.decode(W3CHttpResponseCodec.java:138)
at org.openqa.selenium.remote.codec.w3c.W3CHttpResponseCodec.decode(W3CHttpResponseCodec.java:50)
at org.openqa.selenium.remote.HttpCommandExecutor.execute(HttpCommandExecutor.java:215)
at org.openqa.selenium.remote.service.DriverCommandExecutor.invokeExecute(DriverCommandExecutor.java:216)
at org.openqa.selenium.remote.service.DriverCommandExecutor.execute(DriverCommandExecutor.java:174)
at org.openqa.selenium.remote.RemoteWebDriver.execute(RemoteWebDriver.java:557)
at org.openqa.selenium.remote.ElementLocation$ElementFinder$2.findElement(ElementLocation.java:165)
at org.openqa.selenium.remote.ElementLocation.findElement(ElementLocation.java:59)
at org.openqa.selenium.remote.RemoteWebDriver.findElement(RemoteWebDriver.java:380)
at org.openqa.selenium.remote.RemoteWebDriver.findElement(RemoteWebDriver.java:374)
at org.openqa.selenium.support.pagefactory.DefaultElementLocator.findElement(DefaultElementLocator.java:68)
at org.openqa.selenium.support.pagefactory.internal.LocatingElementHandler.invoke(LocatingElementHandler.java:38)
at jdk.proxy2/jdk.proxy2.$Proxy23.getText(Unknown Source)
at campaigntest.CreateCampaignTest.CreateCampaignWithMandatoryFieldsTest(CreateCampaignTest.java:102)
at java.base/jdk.internal.reflect.DirectMethodHandleAccessor.invoke(DirectMethodHandleAccessor.java:103)
at java.base/java.lang.reflect.Method.invoke(Method.java:580)
at org.testng.internal.invokers.MethodInvocationHelper.invokeMethod(MethodInvocationHelper.java:141)
at org.testng.internal.invokers.TestInvoker.invokeMethod(TestInvoker.java:687)
at org.testng.internal.invokers.TestInvoker.invokeTestMethod(TestInvoker.java:230)
at org.testng.internal.invokers.MethodRunner.runInSequence(MethodRunner.java:63)
at org.testng.internal.invokers.TestInvoker$MethodInvocationAgent.invoke(TestInvoker.java:995)
at org.testng.internal.invokers.TestInvoker.invokeTestMethods(TestInvoker.java:203)
at org.testng.internal.invokers.TestMethodWorker.invokeTestMethods(TestMethodWorker.java:154)
at org.testng.internal.invokers.TestMethodWorker.run(TestMethodWorker.java:134)
at java.base/java.util.ArrayList.forEach(ArrayList.java:1596)
at org.testng.TestRunner.privateRun(TestRunner.java:741)
at org.testng.TestRunner.run(TestRunner.java:616)
at org.testng.SuiteRunner.runTest(SuiteRunner.java:421)
at org.testng.SuiteRunner.runSequentially(SuiteRunner.java:413)
at org.testng.SuiteRunner.privateRun(SuiteRunner.java:373)
at org.testng.SuiteRunner.run(SuiteRunner.java:312)
at org.testng.SuiteRunnerWorker.runSuite(SuiteRunnerWorker.java:52)
at org.testng.SuiteRunnerWorker.run(SuiteRunnerWorker.java:95)
at org.testng.TestNG.runSuitesSequentially(TestNG.java:1274)
at org.testng.TestNG.runSuitesLocally(TestNG.java:1208)
at org.testng.TestNG.runSuites(TestNG.java:1112)
at org.testng.TestNG.run(TestNG.java:1079)
at org.testng.remote.AbstractRemoteTestNG.run(AbstractRemoteTestNG.java:115)
at org.testng.remote.RemoteTestNG.initAndRun(RemoteTestNG.java:293)
at org.testng.remote.RemoteTestNG.main(RemoteTestNG.java:91)
]]>
            </full-stacktrace>
          </exception> <!-- org.openqa.selenium.NoSuchElementException -->
          <reporter-output>
          </reporter-output>
        </test-method> <!-- CreateCampaignWithMandatoryFieldsTest -->
        <test-method is-config="true" signature="afterMethod()[pri:0, instance:campaigntest.CreateCampaignTest@65b3f4a4]" started-at="2025-10-18T09:13:13 IST" name="afterMethod" finished-at="2025-10-18T09:13:15 IST" duration-ms="2532" status="PASS">
          <reporter-output>
          </reporter-output>
        </test-method> <!-- afterMethod -->
        <test-method is-config="true" signature="afterClass()[pri:0, instance:campaigntest.CreateCampaignTest@65b3f4a4]" started-at="2025-10-18T09:13:15 IST" name="afterClass" finished-at="2025-10-18T09:13:40 IST" duration-ms="24571" status="PASS">
          <reporter-output>
          </reporter-output>
        </test-method> <!-- afterClass -->
        <test-method is-config="true" signature="afterTest()[pri:0, instance:campaigntest.CreateCampaignTest@65b3f4a4]" started-at="2025-10-18T09:13:40 IST" name="afterTest" finished-at="2025-10-18T09:13:40 IST" duration-ms="2" status="PASS">
          <reporter-output>
          </reporter-output>
        </test-method> <!-- afterTest -->
        <test-method is-config="true" signature="afterSuite()[pri:0, instance:campaigntest.CreateCampaignTest@65b3f4a4]" started-at="2025-10-18T09:13:40 IST" name="afterSuite" finished-at="2025-10-18T09:13:40 IST" duration-ms="1" status="PASS">
          <reporter-output>
          </reporter-output>
        </test-method> <!-- afterSuite -->
      </class> <!-- campaigntest.CreateCampaignTest -->
    </test> <!-- Default test -->
  </suite> <!-- Default suite -->
</testng-results>
