<?xml version="1.0" encoding="UTF-8"?>
<testng-results ignored="0" total="3" passed="3" failed="0" skipped="0">
  <reporter-output>
  </reporter-output>
  <suite started-at="2025-10-09T01:12:06 IST" name="Default suite" finished-at="2025-10-09T01:12:26 IST" duration-ms="20455">
    <groups>
      <group name="regression">
        <method signature="CreateCampaignTest.CreateCampaignWithExpectedCloseDate()[pri:0, instance:campaigntest.CreateCampaignTest@55740540]" name="CreateCampaignWithExpectedCloseDate" class="campaigntest.CreateCampaignTest"/>
        <method signature="CreateCampaignTest.CreateCampaignWithMandatoryFields()[pri:0, instance:campaigntest.CreateCampaignTest@55740540]" name="CreateCampaignWithMandatoryFields" class="campaigntest.CreateCampaignTest"/>
        <method signature="CreateCampaignTest.CreateCampaignWithStatus()[pri:0, instance:campaigntest.CreateCampaignTest@55740540]" name="CreateCampaignWithStatus" class="campaigntest.CreateCampaignTest"/>
      </group> <!-- regression -->
      <group name="smoke">
        <method signature="CreateCampaignTest.CreateCampaignWithMandatoryFields()[pri:0, instance:campaigntest.CreateCampaignTest@55740540]" name="CreateCampaignWithMandatoryFields" class="campaigntest.CreateCampaignTest"/>
      </group> <!-- smoke -->
    </groups>
    <test started-at="2025-10-09T01:12:06 IST" name="Default test" finished-at="2025-10-09T01:12:26 IST" duration-ms="20455">
      <class name="campaigntest.CreateCampaignTest">
        <test-method is-config="true" signature="beforeSuite()[pri:0, instance:campaigntest.CreateCampaignTest@55740540]" started-at="2025-10-09T01:12:06 IST" name="beforeSuite" finished-at="2025-10-09T01:12:06 IST" duration-ms="12" status="PASS">
          <reporter-output>
          </reporter-output>
        </test-method> <!-- beforeSuite -->
        <test-method is-config="true" signature="beforeTest()[pri:0, instance:campaigntest.CreateCampaignTest@55740540]" started-at="2025-10-09T01:12:06 IST" name="beforeTest" finished-at="2025-10-09T01:12:06 IST" duration-ms="0" status="PASS">
          <reporter-output>
          </reporter-output>
        </test-method> <!-- beforeTest -->
        <test-method is-config="true" signature="beforeClass()[pri:0, instance:campaigntest.CreateCampaignTest@55740540]" started-at="2025-10-09T01:12:06 IST" name="beforeClass" finished-at="2025-10-09T01:12:10 IST" duration-ms="4389" status="PASS">
          <reporter-output>
          </reporter-output>
        </test-method> <!-- beforeClass -->
        <test-method is-config="true" signature="beforeMethod()[pri:0, instance:campaigntest.CreateCampaignTest@55740540]" started-at="2025-10-09T01:12:10 IST" name="beforeMethod" finished-at="2025-10-09T01:12:13 IST" duration-ms="2581" status="PASS">
          <reporter-output>
          </reporter-output>
        </test-method> <!-- beforeMethod -->
        <test-method signature="CreateCampaignWithExpectedCloseDate()[pri:0, instance:campaigntest.CreateCampaignTest@55740540]" started-at="2025-10-09T01:12:13 IST" name="CreateCampaignWithExpectedCloseDate" finished-at="2025-10-09T01:12:17 IST" duration-ms="3603" status="PASS">
          <reporter-output>
          </reporter-output>
        </test-method> <!-- CreateCampaignWithExpectedCloseDate -->
        <test-method is-config="true" signature="afterMethod()[pri:0, instance:campaigntest.CreateCampaignTest@55740540]" started-at="2025-10-09T01:12:17 IST" name="afterMethod" finished-at="2025-10-09T01:12:18 IST" duration-ms="853" status="PASS">
          <reporter-output>
          </reporter-output>
        </test-method> <!-- afterMethod -->
        <test-method is-config="true" signature="beforeMethod()[pri:0, instance:campaigntest.CreateCampaignTest@55740540]" started-at="2025-10-09T01:12:18 IST" name="beforeMethod" finished-at="2025-10-09T01:12:19 IST" duration-ms="1061" status="PASS">
          <reporter-output>
          </reporter-output>
        </test-method> <!-- beforeMethod -->
        <test-method signature="CreateCampaignWithMandatoryFields()[pri:0, instance:campaigntest.CreateCampaignTest@55740540]" started-at="2025-10-09T01:12:19 IST" name="CreateCampaignWithMandatoryFields" finished-at="2025-10-09T01:12:20 IST" duration-ms="1610" status="PASS">
          <reporter-output>
          </reporter-output>
        </test-method> <!-- CreateCampaignWithMandatoryFields -->
        <test-method is-config="true" signature="afterMethod()[pri:0, instance:campaigntest.CreateCampaignTest@55740540]" started-at="2025-10-09T01:12:20 IST" name="afterMethod" finished-at="2025-10-09T01:12:21 IST" duration-ms="827" status="PASS">
          <reporter-output>
          </reporter-output>
        </test-method> <!-- afterMethod -->
        <test-method is-config="true" signature="beforeMethod()[pri:0, instance:campaigntest.CreateCampaignTest@55740540]" started-at="2025-10-09T01:12:21 IST" name="beforeMethod" finished-at="2025-10-09T01:12:22 IST" duration-ms="898" status="PASS">
          <reporter-output>
          </reporter-output>
        </test-method> <!-- beforeMethod -->
        <test-method signature="CreateCampaignWithStatus()[pri:0, instance:campaigntest.CreateCampaignTest@55740540]" started-at="2025-10-09T01:12:22 IST" name="CreateCampaignWithStatus" finished-at="2025-10-09T01:12:24 IST" duration-ms="1656" status="PASS">
          <reporter-output>
          </reporter-output>
        </test-method> <!-- CreateCampaignWithStatus -->
        <test-method is-config="true" signature="afterMethod()[pri:0, instance:campaigntest.CreateCampaignTest@55740540]" started-at="2025-10-09T01:12:24 IST" name="afterMethod" finished-at="2025-10-09T01:12:24 IST" duration-ms="816" status="PASS">
          <reporter-output>
          </reporter-output>
        </test-method> <!-- afterMethod -->
        <test-method is-config="true" signature="afterClass()[pri:0, instance:campaigntest.CreateCampaignTest@55740540]" started-at="2025-10-09T01:12:24 IST" name="afterClass" finished-at="2025-10-09T01:12:26 IST" duration-ms="2059" status="PASS">
          <reporter-output>
          </reporter-output>
        </test-method> <!-- afterClass -->
        <test-method is-config="true" signature="afterTest()[pri:0, instance:campaigntest.CreateCampaignTest@55740540]" started-at="2025-10-09T01:12:26 IST" name="afterTest" finished-at="2025-10-09T01:12:26 IST" duration-ms="1" status="PASS">
          <reporter-output>
          </reporter-output>
        </test-method> <!-- afterTest -->
        <test-method is-config="true" signature="afterSuite()[pri:0, instance:campaigntest.CreateCampaignTest@55740540]" started-at="2025-10-09T01:12:27 IST" name="afterSuite" finished-at="2025-10-09T01:12:27 IST" duration-ms="1" status="PASS">
          <reporter-output>
          </reporter-output>
        </test-method> <!-- afterSuite -->
      </class> <!-- campaigntest.CreateCampaignTest -->
    </test> <!-- Default test -->
  </suite> <!-- Default suite -->
</testng-results>
