<?xml version="1.0" encoding="UTF-8"?>
<!-- Generated by org.testng.reporters.JUnitReportReporter -->
<testsuite hostname="Sunshine" failures="0" tests="6" name="practice.CreateCampaignTest" time="19.337" errors="0" timestamp="2025-09-21T18:58:06 IST" skipped="0">
  <testcase classname="practice.CreateCampaignTest" name="createCampaignWithExpectedCloseDate" time="2.458"/>
  <testcase classname="practice.CreateCampaignTest" name="createCampaignWithMandatoryFields" time="3.624"/>
  <testcase classname="practice.CreateCampaignTest" name="createCampaignWithMandatoryFields" time="3.975"/>
  <testcase classname="practice.CreateCampaignTest" name="createCampaignWithMandatoryFields" time="2.716"/>
  <testcase classname="practice.CreateCampaignTest" name="createCampaignWithMandatoryFields" time="2.556"/>
  <testcase classname="practice.CreateCampaignTest" name="createCampaignWithMandatoryFields" time="4.008"/>
</testsuite> <!-- practice.CreateCampaignTest -->
