<?xml version="1.0" encoding="UTF-8"?>
<!-- Generated by org.testng.reporters.JUnitReportReporter -->
<testsuite hostname="Sunshine" failures="0" tests="3" name="campaigntest.CreateCampaignTest" time="13.905" errors="0" timestamp="2025-10-09T01:12:28 IST" skipped="0">
  <testcase classname="campaigntest.CreateCampaignTest" name="CreateCampaignWithExpectedCloseDate" time="5.328"/>
  <testcase classname="campaigntest.CreateCampaignTest" name="CreateCampaignWithStatus" time="5.090"/>
  <testcase classname="campaigntest.CreateCampaignTest" name="CreateCampaignWithMandatoryFields" time="3.487"/>
</testsuite> <!-- campaigntest.CreateCampaignTest -->
