<?xml version="1.0" encoding="UTF-8"?>
<!-- Generated by org.testng.reporters.JUnitReportReporter -->
<testsuite hostname="Sunshine" failures="0" tests="3" name="campaigntest.createcampaign" time="0.021" errors="0" timestamp="2025-09-21T09:46:52 IST" skipped="0">
  <testcase classname="campaigntest.createcampaign" name="login" time="0.002"/>
  <testcase classname="campaigntest.createcampaign" name="register" time="0.000"/>
  <testcase classname="campaigntest.createcampaign" name="openApplication" time="0.019"/>
</testsuite> <!-- campaigntest.createcampaign -->
